# JRE version: Java(TM) SE Runtime Environment (21.0.3+7) (build 21.0.3+7-LTS-152)
# Java VM: Java HotSpot(TM) 64-Bit Server VM (21.0.3+7-LTS-152, mixed mode, sharing, tiered, compressed oops, compressed class ptrs, g1 gc, windows-amd64)
GC Precious Log:
 CardTable entry size: 512
 Card Set container configuration: InlinePtr #cards 5 size 8 Array Of Cards #cards 12 size 40 Howl #buckets 4 coarsen threshold 1843 Howl Bitmap #cards 512 size 80 coarsen threshold 460 Card regions per heap region 1 cards per card region 2048
 CPUs: 4 total, 4 available
 Memory: 3933M
 Large Page Support: Disabled
 NUMA Support: Disabled
 Compressed Oops: Enabled (32-bit)
 Heap Region Size: 1M
 Heap Min Capacity: 8M
 Heap Initial Capacity: 62M
 Heap Max Capacity: 984M
 Pre-touch: Disabled
 Parallel Workers: 4
 Concurrent Workers: 1
 Concurrent Refinement Workers: 4
 Periodic GC: Disabled
Heap:
 garbage-first heap   total 48128K, used 34871K [0x00000000c2800000, 0x0000000100000000)
  region size 1024K, 19 young (19456K), 3 survivors (3072K)
 Metaspace       used 47472K, committed 47936K, reserved 1114112K
  class space    used 6403K, committed 6592K, reserved 1048576K
GC Heap History (18 events):
Event: 0.782 GC heap before
{Heap before GC invocations=0 (full 0):
 garbage-first heap   total 63488K, used 13312K [0x00000000c2800000, 0x0000000100000000)
  region size 1024K, 13 young (13312K), 0 survivors (0K)
 Metaspace       used 3037K, committed 3200K, reserved 1114112K
  class space    used 317K, committed 384K, reserved 1048576K
}
Event: 0.795 GC heap after
{Heap after GC invocations=1 (full 0):
 garbage-first heap   total 63488K, used 6144K [0x00000000c2800000, 0x0000000100000000)
  region size 1024K, 2 young (2048K), 2 survivors (2048K)
 Metaspace       used 3037K, committed 3200K, reserved 1114112K
  class space    used 317K, committed 384K, reserved 1048576K
}
Event: 1.568 GC heap before
{Heap before GC invocations=1 (full 0):
 garbage-first heap   total 63488K, used 19456K [0x00000000c2800000, 0x0000000100000000)
  region size 1024K, 15 young (15360K), 2 survivors (2048K)
 Metaspace       used 6896K, committed 7104K, reserved 1114112K
  class space    used 845K, committed 960K, reserved 1048576K
}
Event: 1.573 GC heap after
{Heap after GC invocations=2 (full 0):
 garbage-first heap   total 63488K, used 7556K [0x00000000c2800000, 0x0000000100000000)
  region size 1024K, 2 young (2048K), 2 survivors (2048K)
 Metaspace       used 6896K, committed 7104K, reserved 1114112K
  class space    used 845K, committed 960K, reserved 1048576K
}
Event: 3.150 GC heap before
{Heap before GC invocations=2 (full 0):
 garbage-first heap   total 63488K, used 35204K [0x00000000c2800000, 0x0000000100000000)
  region size 1024K, 29 young (29696K), 2 survivors (2048K)
 Metaspace       used 14161K, committed 14464K, reserved 1114112K
  class space    used 1847K, committed 1984K, reserved 1048576K
}
Event: 3.155 GC heap after
{Heap after GC invocations=3 (full 0):
 garbage-first heap   total 63488K, used 9649K [0x00000000c2800000, 0x0000000100000000)
  region size 1024K, 4 young (4096K), 4 survivors (4096K)
 Metaspace       used 14161K, committed 14464K, reserved 1114112K
  class space    used 1847K, committed 1984K, reserved 1048576K
}
Event: 3.612 GC heap before
{Heap before GC invocations=3 (full 0):
 garbage-first heap   total 63488K, used 39345K [0x00000000c2800000, 0x0000000100000000)
  region size 1024K, 35 young (35840K), 4 survivors (4096K)
 Metaspace       used 21218K, committed 21504K, reserved 1114112K
  class space    used 2697K, committed 2816K, reserved 1048576K
}
Event: 3.622 GC heap after
{Heap after GC invocations=4 (full 0):
 garbage-first heap   total 63488K, used 12556K [0x00000000c2800000, 0x0000000100000000)
  region size 1024K, 5 young (5120K), 5 survivors (5120K)
 Metaspace       used 21218K, committed 21504K, reserved 1114112K
  class space    used 2697K, committed 2816K, reserved 1048576K
}
Event: 4.499 GC heap before
{Heap before GC invocations=5 (full 0):
 garbage-first heap   total 48128K, used 35084K [0x00000000c2800000, 0x0000000100000000)
  region size 1024K, 28 young (28672K), 5 survivors (5120K)
 Metaspace       used 24203K, committed 24512K, reserved 1114112K
  class space    used 3069K, committed 3200K, reserved 1048576K
}
Event: 4.510 GC heap after
{Heap after GC invocations=6 (full 0):
 garbage-first heap   total 48128K, used 15162K [0x00000000c2800000, 0x0000000100000000)
  region size 1024K, 3 young (3072K), 3 survivors (3072K)
 Metaspace       used 24203K, committed 24512K, reserved 1114112K
  class space    used 3069K, committed 3200K, reserved 1048576K
}
Event: 5.449 GC heap before
{Heap before GC invocations=6 (full 0):
 garbage-first heap   total 48128K, used 36666K [0x00000000c2800000, 0x0000000100000000)
  region size 1024K, 24 young (24576K), 3 survivors (3072K)
 Metaspace       used 27746K, committed 28160K, reserved 1114112K
  class space    used 3603K, committed 3776K, reserved 1048576K
}
Event: 5.459 GC heap after
{Heap after GC invocations=7 (full 0):
 garbage-first heap   total 48128K, used 17342K [0x00000000c2800000, 0x0000000100000000)
  region size 1024K, 3 young (3072K), 3 survivors (3072K)
 Metaspace       used 27746K, committed 28160K, reserved 1114112K
  class space    used 3603K, committed 3776K, reserved 1048576K
}
Event: 6.737 GC heap before
{Heap before GC invocations=7 (full 0):
 garbage-first heap   total 48128K, used 37822K [0x00000000c2800000, 0x0000000100000000)
  region size 1024K, 23 young (23552K), 3 survivors (3072K)
 Metaspace       used 33363K, committed 33856K, reserved 1114112K
  class space    used 4435K, committed 4672K, reserved 1048576K
}
Event: 6.745 GC heap after
{Heap after GC invocations=8 (full 0):
 garbage-first heap   total 48128K, used 18919K [0x00000000c2800000, 0x0000000100000000)
  region size 1024K, 2 young (2048K), 2 survivors (2048K)
 Metaspace       used 33363K, committed 33856K, reserved 1114112K
  class space    used 4435K, committed 4672K, reserved 1048576K
}
Event: 7.213 GC heap before
{Heap before GC invocations=8 (full 0):
 garbage-first heap   total 48128K, used 27111K [0x00000000c2800000, 0x0000000100000000)
  region size 1024K, 11 young (11264K), 2 survivors (2048K)
 Metaspace       used 35495K, committed 35968K, reserved 1114112K
  class space    used 4810K, committed 5056K, reserved 1048576K
}
Event: 7.218 GC heap after
{Heap after GC invocations=9 (full 0):
 garbage-first heap   total 48128K, used 19121K [0x00000000c2800000, 0x0000000100000000)
  region size 1024K, 2 young (2048K), 2 survivors (2048K)
 Metaspace       used 35495K, committed 35968K, reserved 1114112K
  class space    used 4810K, committed 5056K, reserved 1048576K
}
Event: 8.735 GC heap before
{Heap before GC invocations=10 (full 0):
 garbage-first heap   total 48128K, used 39601K [0x00000000c2800000, 0x0000000100000000)
  region size 1024K, 23 young (23552K), 2 survivors (2048K)
 Metaspace       used 42182K, committed 42752K, reserved 1114112K
  class space    used 5669K, committed 5888K, reserved 1048576K
}
Event: 8.742 GC heap after
{Heap after GC invocations=11 (full 0):
 garbage-first heap   total 48128K, used 20535K [0x00000000c2800000, 0x0000000100000000)
  region size 1024K, 3 young (3072K), 3 survivors (3072K)
 Metaspace       used 42182K, committed 42752K, reserved 1114112K
  class space    used 5669K, committed 5888K, reserved 1048576K
}

