# JRE version: Java(TM) SE Runtime Environment (21.0.3+7) (build 21.0.3+7-LTS-152)
# Java VM: Java HotSpot(TM) 64-Bit Server VM (21.0.3+7-LTS-152, mixed mode, sharing, tiered, compressed oops, compressed class ptrs, g1 gc, windows-amd64)
GC Precious Log:
 CardTable entry size: 512
 Card Set container configuration: InlinePtr #cards 5 size 8 Array Of Cards #cards 12 size 40 Howl #buckets 4 coarsen threshold 1843 Howl Bitmap #cards 512 size 80 coarsen threshold 460 Card regions per heap region 1 cards per card region 2048
 CPUs: 4 total, 4 available
 Memory: 3933M
 Large Page Support: Disabled
 NUMA Support: Disabled
 Compressed Oops: Enabled (32-bit)
 Heap Region Size: 1M
 Heap Min Capacity: 8M
 Heap Initial Capacity: 62M
 Heap Max Capacity: 984M
 Pre-touch: Disabled
 Parallel Workers: 4
 Concurrent Workers: 1
 Concurrent Refinement Workers: 4
 Periodic GC: Disabled
Heap:
 garbage-first heap   total 48128K, used 25669K [0x00000000c2800000, 0x0000000100000000)
  region size 1024K, 8 young (8192K), 3 survivors (3072K)
 Metaspace       used 49820K, committed 50368K, reserved 1114112K
  class space    used 6691K, committed 6912K, reserved 1048576K
GC Heap History (20 events):
Event: 0.773 GC heap before
{Heap before GC invocations=0 (full 0):
 garbage-first heap   total 63488K, used 13312K [0x00000000c2800000, 0x0000000100000000)
  region size 1024K, 13 young (13312K), 0 survivors (0K)
 Metaspace       used 3578K, committed 3712K, reserved 1114112K
  class space    used 362K, committed 448K, reserved 1048576K
}
Event: 0.781 GC heap after
{Heap after GC invocations=1 (full 0):
 garbage-first heap   total 63488K, used 6144K [0x00000000c2800000, 0x0000000100000000)
  region size 1024K, 2 young (2048K), 2 survivors (2048K)
 Metaspace       used 3578K, committed 3712K, reserved 1114112K
  class space    used 362K, committed 448K, reserved 1048576K
}
Event: 2.072 GC heap before
{Heap before GC invocations=1 (full 0):
 garbage-first heap   total 63488K, used 19456K [0x00000000c2800000, 0x0000000100000000)
  region size 1024K, 15 young (15360K), 2 survivors (2048K)
 Metaspace       used 7521K, committed 7808K, reserved 1114112K
  class space    used 893K, committed 1024K, reserved 1048576K
}
Event: 2.079 GC heap after
{Heap after GC invocations=2 (full 0):
 garbage-first heap   total 63488K, used 7361K [0x00000000c2800000, 0x0000000100000000)
  region size 1024K, 2 young (2048K), 2 survivors (2048K)
 Metaspace       used 7521K, committed 7808K, reserved 1114112K
  class space    used 893K, committed 1024K, reserved 1048576K
}
Event: 3.092 GC heap before
{Heap before GC invocations=2 (full 0):
 garbage-first heap   total 63488K, used 33985K [0x00000000c2800000, 0x0000000100000000)
  region size 1024K, 29 young (29696K), 2 survivors (2048K)
 Metaspace       used 15429K, committed 15744K, reserved 1114112K
  class space    used 1860K, committed 1984K, reserved 1048576K
}
Event: 3.098 GC heap after
{Heap after GC invocations=3 (full 0):
 garbage-first heap   total 63488K, used 9480K [0x00000000c2800000, 0x0000000100000000)
  region size 1024K, 4 young (4096K), 4 survivors (4096K)
 Metaspace       used 15429K, committed 15744K, reserved 1114112K
  class space    used 1860K, committed 1984K, reserved 1048576K
}
Event: 6.105 GC heap before
{Heap before GC invocations=3 (full 0):
 garbage-first heap   total 63488K, used 43272K [0x00000000c2800000, 0x0000000100000000)
  region size 1024K, 37 young (37888K), 4 survivors (4096K)
 Metaspace       used 20758K, committed 21056K, reserved 1114112K
  class space    used 2490K, committed 2624K, reserved 1048576K
}
Event: 6.115 GC heap after
{Heap after GC invocations=4 (full 0):
 garbage-first heap   total 63488K, used 12715K [0x00000000c2800000, 0x0000000100000000)
  region size 1024K, 5 young (5120K), 5 survivors (5120K)
 Metaspace       used 20758K, committed 21056K, reserved 1114112K
  class space    used 2490K, committed 2624K, reserved 1048576K
}
Event: 6.219 GC heap before
{Heap before GC invocations=4 (full 0):
 garbage-first heap   total 63488K, used 13739K [0x00000000c2800000, 0x0000000100000000)
  region size 1024K, 7 young (7168K), 5 survivors (5120K)
 Metaspace       used 21217K, committed 21504K, reserved 1114112K
  class space    used 2545K, committed 2688K, reserved 1048576K
}
Event: 6.231 GC heap after
{Heap after GC invocations=5 (full 0):
 garbage-first heap   total 63488K, used 13616K [0x00000000c2800000, 0x0000000100000000)
  region size 1024K, 1 young (1024K), 1 survivors (1024K)
 Metaspace       used 21217K, committed 21504K, reserved 1114112K
  class space    used 2545K, committed 2688K, reserved 1048576K
}
Event: 7.663 GC heap before
{Heap before GC invocations=6 (full 0):
 garbage-first heap   total 48128K, used 41264K [0x00000000c2800000, 0x0000000100000000)
  region size 1024K, 28 young (28672K), 1 survivors (1024K)
 Metaspace       used 26781K, committed 27264K, reserved 1114112K
  class space    used 3370K, committed 3584K, reserved 1048576K
}
Event: 7.672 GC heap after
{Heap after GC invocations=7 (full 0):
 garbage-first heap   total 48128K, used 16297K [0x00000000c2800000, 0x0000000100000000)
  region size 1024K, 4 young (4096K), 4 survivors (4096K)
 Metaspace       used 26781K, committed 27264K, reserved 1114112K
  class space    used 3370K, committed 3584K, reserved 1048576K
}
Event: 8.404 GC heap before
{Heap before GC invocations=7 (full 0):
 garbage-first heap   total 48128K, used 37801K [0x00000000c2800000, 0x0000000100000000)
  region size 1024K, 25 young (25600K), 4 survivors (4096K)
 Metaspace       used 31860K, committed 32384K, reserved 1114112K
  class space    used 4039K, committed 4288K, reserved 1048576K
}
Event: 8.413 GC heap after
{Heap after GC invocations=8 (full 0):
 garbage-first heap   total 48128K, used 18221K [0x00000000c2800000, 0x0000000100000000)
  region size 1024K, 2 young (2048K), 2 survivors (2048K)
 Metaspace       used 31860K, committed 32384K, reserved 1114112K
  class space    used 4039K, committed 4288K, reserved 1048576K
}
Event: 8.881 GC heap before
{Heap before GC invocations=8 (full 0):
 garbage-first heap   total 48128K, used 31533K [0x00000000c2800000, 0x0000000100000000)
  region size 1024K, 16 young (16384K), 2 survivors (2048K)
 Metaspace       used 35464K, committed 35968K, reserved 1114112K
  class space    used 4662K, committed 4928K, reserved 1048576K
}
Event: 8.884 GC heap after
{Heap after GC invocations=9 (full 0):
 garbage-first heap   total 48128K, used 18582K [0x00000000c2800000, 0x0000000100000000)
  region size 1024K, 3 young (3072K), 3 survivors (3072K)
 Metaspace       used 35464K, committed 35968K, reserved 1114112K
  class space    used 4662K, committed 4928K, reserved 1048576K
}
Event: 9.806 GC heap before
{Heap before GC invocations=10 (full 0):
 garbage-first heap   total 48128K, used 39062K [0x00000000c2800000, 0x0000000100000000)
  region size 1024K, 24 young (24576K), 3 survivors (3072K)
 Metaspace       used 42395K, committed 42944K, reserved 1114112K
  class space    used 5575K, committed 5824K, reserved 1048576K
}
Event: 9.811 GC heap after
{Heap after GC invocations=11 (full 0):
 garbage-first heap   total 48128K, used 20143K [0x00000000c2800000, 0x0000000100000000)
  region size 1024K, 3 young (3072K), 3 survivors (3072K)
 Metaspace       used 42395K, committed 42944K, reserved 1114112K
  class space    used 5575K, committed 5824K, reserved 1048576K
}
Event: 10.622 GC heap before
{Heap before GC invocations=11 (full 0):
 garbage-first heap   total 48128K, used 40623K [0x00000000c2800000, 0x0000000100000000)
  region size 1024K, 23 young (23552K), 3 survivors (3072K)
 Metaspace       used 48689K, committed 49216K, reserved 1114112K
  class space    used 6463K, committed 6720K, reserved 1048576K
}
Event: 10.632 GC heap after
{Heap after GC invocations=12 (full 0):
 garbage-first heap   total 48128K, used 21573K [0x00000000c2800000, 0x0000000100000000)
  region size 1024K, 3 young (3072K), 3 survivors (3072K)
 Metaspace       used 48689K, committed 49216K, reserved 1114112K
  class space    used 6463K, committed 6720K, reserved 1048576K
}

